<?xml version="1.0" encoding="UTF-8"?>
<testng-results ignored="0" total="2" passed="2" failed="0" skipped="0">
  <reporter-output>
  </reporter-output>
  <suite started-at="2022-09-16T20:44:39 IST" name="Default suite" finished-at="2022-09-16T20:44:55 IST" duration-ms="15586">
    <groups>
    </groups>
    <test started-at="2022-09-16T20:44:39 IST" name="Default test" finished-at="2022-09-16T20:44:55 IST" duration-ms="15586">
      <class name="testing.Vishhuuuuuuuuuu">
        <test-method signature="filpkart()[pri:1, instance:testing.Vishhuuuuuuuuuu@3c130745]" started-at="2022-09-16T20:44:39 IST" name="filpkart" finished-at="2022-09-16T20:44:48 IST" duration-ms="8968" status="PASS">
          <reporter-output>
          </reporter-output>
        </test-method> <!-- filpkart -->
        <test-method signature="hiddenpopup()[pri:2, instance:testing.Vishhuuuuuuuuuu@3c130745]" started-at="2022-09-16T20:44:48 IST" name="hiddenpopup" finished-at="2022-09-16T20:44:55 IST" duration-ms="6574" status="PASS">
          <reporter-output>
          </reporter-output>
        </test-method> <!-- hiddenpopup -->
      </class> <!-- testing.Vishhuuuuuuuuuu -->
    </test> <!-- Default test -->
  </suite> <!-- Default suite -->
</testng-results>
